Flow report for VolumeDispenser
Mon Feb  3 19:38:12 2025
Quartus Prime Version 23.1std.1 Build 993 05/14/2024 SC Lite Edition


---------------------
; Table of Contents ;
---------------------
  1. Legal Notice
  2. Flow Summary
  3. Flow Settings
  4. Flow Non-Default Global Settings
  5. Flow Elapsed Time
  6. Flow OS Summary
  7. Flow Log
  8. Flow Messages
  9. Flow Suppressed Messages



----------------
; Legal Notice ;
----------------
Copyright (C) 2024  Intel Corporation. All rights reserved.
Your use of Intel Corporation's design tools, logic functions 
and other software and tools, and any partner logic 
functions, and any output files from any of the foregoing 
(including device programming or simulation files), and any 
associated documentation or information are expressly subject 
to the terms and conditions of the Intel Program License 
Subscription Agreement, the Intel Quartus Prime License Agreement,
the Intel FPGA IP License Agreement, or other applicable license
agreement, including, without limitation, that your use is for
the sole purpose of programming logic devices manufactured by
Intel and sold by Intel or its authorized distributors.  Please
refer to the applicable agreement for further details, at
https://fpgasoftware.intel.com/eula.



+-------------------------------------------------------------------------------------+
; Flow Summary                                                                        ;
+------------------------------------+------------------------------------------------+
; Flow Status                        ; Successful - Mon Feb  3 19:38:12 2025          ;
; Quartus Prime Version              ; 23.1std.1 Build 993 05/14/2024 SC Lite Edition ;
; Revision Name                      ; VolumeDispenser                                ;
; Top-level Entity Name              ; Datapath                                       ;
; Family                             ; Cyclone IV GX                                  ;
; Total logic elements               ; 18 / 14,400 ( < 1 % )                          ;
;     Total combinational functions  ; 17 / 14,400 ( < 1 % )                          ;
;     Dedicated logic registers      ; 13 / 14,400 ( < 1 % )                          ;
; Total registers                    ; 13                                             ;
; Total pins                         ; 20 / 81 ( 25 % )                               ;
; Total virtual pins                 ; 0                                              ;
; Total memory bits                  ; 0 / 552,960 ( 0 % )                            ;
; Embedded Multiplier 9-bit elements ; 0                                              ;
; Total GXB Receiver Channel PCS     ; 0 / 2 ( 0 % )                                  ;
; Total GXB Receiver Channel PMA     ; 0 / 2 ( 0 % )                                  ;
; Total GXB Transmitter Channel PCS  ; 0 / 2 ( 0 % )                                  ;
; Total GXB Transmitter Channel PMA  ; 0 / 2 ( 0 % )                                  ;
; Total PLLs                         ; 0 / 3 ( 0 % )                                  ;
; Device                             ; EP4CGX15BF14C6                                 ;
; Timing Models                      ; Final                                          ;
+------------------------------------+------------------------------------------------+


+-----------------------------------------+
; Flow Settings                           ;
+-------------------+---------------------+
; Option            ; Setting             ;
+-------------------+---------------------+
; Start date & time ; 02/03/2025 19:37:53 ;
; Main task         ; Compilation         ;
; Revision Name     ; VolumeDispenser     ;
+-------------------+---------------------+


+---------------------------------------------------------------------------------------------------------------------------------------------------+
; Flow Non-Default Global Settings                                                                                                                  ;
+--------------------------------------+----------------------------------------+-----------------+-------------+-----------------------------------+
; Assignment Name                      ; Value                                  ; Default Value   ; Entity Name ; Section Id                        ;
+--------------------------------------+----------------------------------------+-----------------+-------------+-----------------------------------+
; COMPILER_SIGNATURE_ID                ; 102037077275168.173862227342013        ; --              ; --          ; --                                ;
; EDA_DESIGN_INSTANCE_NAME             ; NA                                     ; --              ; --          ; Datapath_tb                       ;
; EDA_GENERATE_FUNCTIONAL_NETLIST      ; Off                                    ; --              ; --          ; eda_board_design_timing           ;
; EDA_GENERATE_FUNCTIONAL_NETLIST      ; Off                                    ; --              ; --          ; eda_board_design_boundary_scan    ;
; EDA_GENERATE_FUNCTIONAL_NETLIST      ; Off                                    ; --              ; --          ; eda_board_design_signal_integrity ;
; EDA_GENERATE_FUNCTIONAL_NETLIST      ; Off                                    ; --              ; --          ; eda_board_design_symbol           ;
; EDA_NATIVELINK_SIMULATION_TEST_BENCH ; Datapath_tb                            ; --              ; --          ; eda_simulation                    ;
; EDA_OUTPUT_DATA_FORMAT               ; Verilog Hdl                            ; --              ; --          ; eda_simulation                    ;
; EDA_SIMULATION_TOOL                  ; QuestaSim (Verilog)                    ; <None>          ; --          ; --                                ;
; EDA_TEST_BENCH_ENABLE_STATUS         ; TEST_BENCH_MODE                        ; --              ; --          ; eda_simulation                    ;
; EDA_TEST_BENCH_FILE                  ; Datapath_tb.vhd                        ; --              ; --          ; Datapath_tb                       ;
; EDA_TEST_BENCH_MODULE_NAME           ; Datapath_tb                            ; --              ; --          ; Datapath_tb                       ;
; EDA_TEST_BENCH_NAME                  ; Datapath_tb                            ; --              ; --          ; eda_simulation                    ;
; EDA_TIME_SCALE                       ; 1 ps                                   ; --              ; --          ; eda_simulation                    ;
; PARTITION_COLOR                      ; -- (Not supported for targeted family) ; --              ; Datapath    ; Top                               ;
; PARTITION_FITTER_PRESERVATION_LEVEL  ; -- (Not supported for targeted family) ; --              ; Datapath    ; Top                               ;
; PARTITION_NETLIST_TYPE               ; -- (Not supported for targeted family) ; --              ; Datapath    ; Top                               ;
; PROJECT_OUTPUT_DIRECTORY             ; output_files                           ; --              ; --          ; --                                ;
; TOP_LEVEL_ENTITY                     ; Datapath                               ; VolumeDispenser ; --          ; --                                ;
+--------------------------------------+----------------------------------------+-----------------+-------------+-----------------------------------+


+--------------------------------------------------------------------------------------------------------------------------+
; Flow Elapsed Time                                                                                                        ;
+----------------------+--------------+-------------------------+---------------------+------------------------------------+
; Module Name          ; Elapsed Time ; Average Processors Used ; Peak Virtual Memory ; Total CPU Time (on all processors) ;
+----------------------+--------------+-------------------------+---------------------+------------------------------------+
; Analysis & Synthesis ; 00:00:08     ; 1.0                     ; 485 MB              ; 00:00:19                           ;
; Fitter               ; 00:00:05     ; 1.0                     ; 1012 MB             ; 00:00:05                           ;
; Assembler            ; 00:00:01     ; 1.0                     ; 413 MB              ; 00:00:01                           ;
; Timing Analyzer      ; 00:00:01     ; 1.0                     ; 446 MB              ; 00:00:02                           ;
; EDA Netlist Writer   ; 00:00:00     ; 1.0                     ; 648 MB              ; 00:00:00                           ;
; Total                ; 00:00:15     ; --                      ; --                  ; 00:00:27                           ;
+----------------------+--------------+-------------------------+---------------------+------------------------------------+


+----------------------------------------------------------------------------------------+
; Flow OS Summary                                                                        ;
+----------------------+------------------+----------------+------------+----------------+
; Module Name          ; Machine Hostname ; OS Name        ; OS Version ; Processor type ;
+----------------------+------------------+----------------+------------+----------------+
; Analysis & Synthesis ; luan-laptop      ; Ubuntu 22.04.4 ; 22         ; x86_64         ;
; Fitter               ; luan-laptop      ; Ubuntu 22.04.4 ; 22         ; x86_64         ;
; Assembler            ; luan-laptop      ; Ubuntu 22.04.4 ; 22         ; x86_64         ;
; Timing Analyzer      ; luan-laptop      ; Ubuntu 22.04.4 ; 22         ; x86_64         ;
; EDA Netlist Writer   ; luan-laptop      ; Ubuntu 22.04.4 ; 22         ; x86_64         ;
+----------------------+------------------+----------------+------------+----------------+


------------
; Flow Log ;
------------
quartus_map --read_settings_files=on --write_settings_files=off VolumeDispenser -c VolumeDispenser
quartus_fit --read_settings_files=off --write_settings_files=off VolumeDispenser -c VolumeDispenser
quartus_asm --read_settings_files=off --write_settings_files=off VolumeDispenser -c VolumeDispenser
quartus_sta VolumeDispenser -c VolumeDispenser
quartus_eda --read_settings_files=off --write_settings_files=off VolumeDispenser -c VolumeDispenser



