Analysis & Synthesis report for VolumeDispenser
Mon Feb  3 19:38:00 2025
Quartus Prime Version 23.1std.1 Build 993 05/14/2024 SC Lite Edition


---------------------
; Table of Contents ;
---------------------
  1. Legal Notice
  2. Analysis & Synthesis Summary
  3. Analysis & Synthesis Settings
  4. Parallel Compilation
  5. Analysis & Synthesis Source Files Read
  6. Analysis & Synthesis Resource Usage Summary
  7. Analysis & Synthesis Resource Utilization by Entity
  8. General Register Statistics
  9. Inverted Register Statistics
 10. Parameter Settings for User Entity Instance: Top-level Entity: |Datapath
 11. Parameter Settings for User Entity Instance: RegistradorBebida:Reg_A
 12. Parameter Settings for User Entity Instance: RegistradorBebida:Reg_B
 13. Parameter Settings for User Entity Instance: Mux:Mux
 14. Parameter Settings for User Entity Instance: Comparador:Comparador
 15. Parameter Settings for User Entity Instance: Subtrator:Subtrator
 16. Port Connectivity Checks: "Subtrator:Subtrator"
 17. Port Connectivity Checks: "Comparador:Comparador"
 18. Post-Synthesis Netlist Statistics for Top Partition
 19. Elapsed Time Per Partition
 20. Analysis & Synthesis Messages



----------------
; Legal Notice ;
----------------
Copyright (C) 2024  Intel Corporation. All rights reserved.
Your use of Intel Corporation's design tools, logic functions 
and other software and tools, and any partner logic 
functions, and any output files from any of the foregoing 
(including device programming or simulation files), and any 
associated documentation or information are expressly subject 
to the terms and conditions of the Intel Program License 
Subscription Agreement, the Intel Quartus Prime License Agreement,
the Intel FPGA IP License Agreement, or other applicable license
agreement, including, without limitation, that your use is for
the sole purpose of programming logic devices manufactured by
Intel and sold by Intel or its authorized distributors.  Please
refer to the applicable agreement for further details, at
https://fpgasoftware.intel.com/eula.



+-------------------------------------------------------------------------------------+
; Analysis & Synthesis Summary                                                        ;
+------------------------------------+------------------------------------------------+
; Analysis & Synthesis Status        ; Successful - Mon Feb  3 19:38:00 2025          ;
; Quartus Prime Version              ; 23.1std.1 Build 993 05/14/2024 SC Lite Edition ;
; Revision Name                      ; VolumeDispenser                                ;
; Top-level Entity Name              ; Datapath                                       ;
; Family                             ; Cyclone IV GX                                  ;
; Total logic elements               ; 18                                             ;
;     Total combinational functions  ; 17                                             ;
;     Dedicated logic registers      ; 13                                             ;
; Total registers                    ; 13                                             ;
; Total pins                         ; 20                                             ;
; Total virtual pins                 ; 0                                              ;
; Total memory bits                  ; 0                                              ;
; Embedded Multiplier 9-bit elements ; 0                                              ;
; Total GXB Receiver Channel PCS     ; 0                                              ;
; Total GXB Receiver Channel PMA     ; 0                                              ;
; Total GXB Transmitter Channel PCS  ; 0                                              ;
; Total GXB Transmitter Channel PMA  ; 0                                              ;
; Total PLLs                         ; 0                                              ;
+------------------------------------+------------------------------------------------+


+------------------------------------------------------------------------------------------------------------+
; Analysis & Synthesis Settings                                                                              ;
+------------------------------------------------------------------+--------------------+--------------------+
; Option                                                           ; Setting            ; Default Value      ;
+------------------------------------------------------------------+--------------------+--------------------+
; Top-level entity name                                            ; Datapath           ; VolumeDispenser    ;
; Family name                                                      ; Cyclone IV GX      ; Cyclone V          ;
; Use smart compilation                                            ; Off                ; Off                ;
; Enable parallel Assembler and Timing Analyzer during compilation ; On                 ; On                 ;
; Enable compact report table                                      ; Off                ; Off                ;
; Restructure Multiplexers                                         ; Auto               ; Auto               ;
; Create Debugging Nodes for IP Cores                              ; Off                ; Off                ;
; Preserve fewer node names                                        ; On                 ; On                 ;
; Intel FPGA IP Evaluation Mode                                    ; Enable             ; Enable             ;
; Verilog Version                                                  ; Verilog_2001       ; Verilog_2001       ;
; VHDL Version                                                     ; VHDL_1993          ; VHDL_1993          ;
; State Machine Processing                                         ; Auto               ; Auto               ;
; Safe State Machine                                               ; Off                ; Off                ;
; Extract Verilog State Machines                                   ; On                 ; On                 ;
; Extract VHDL State Machines                                      ; On                 ; On                 ;
; Ignore Verilog initial constructs                                ; Off                ; Off                ;
; Iteration limit for constant Verilog loops                       ; 5000               ; 5000               ;
; Iteration limit for non-constant Verilog loops                   ; 250                ; 250                ;
; Add Pass-Through Logic to Inferred RAMs                          ; On                 ; On                 ;
; Infer RAMs from Raw Logic                                        ; On                 ; On                 ;
; Parallel Synthesis                                               ; On                 ; On                 ;
; DSP Block Balancing                                              ; Auto               ; Auto               ;
; NOT Gate Push-Back                                               ; On                 ; On                 ;
; Power-Up Don't Care                                              ; On                 ; On                 ;
; Remove Redundant Logic Cells                                     ; Off                ; Off                ;
; Remove Duplicate Registers                                       ; On                 ; On                 ;
; Ignore CARRY Buffers                                             ; Off                ; Off                ;
; Ignore CASCADE Buffers                                           ; Off                ; Off                ;
; Ignore GLOBAL Buffers                                            ; Off                ; Off                ;
; Ignore ROW GLOBAL Buffers                                        ; Off                ; Off                ;
; Ignore LCELL Buffers                                             ; Off                ; Off                ;
; Ignore SOFT Buffers                                              ; On                 ; On                 ;
; Limit AHDL Integers to 32 Bits                                   ; Off                ; Off                ;
; Optimization Technique                                           ; Balanced           ; Balanced           ;
; Carry Chain Length                                               ; 70                 ; 70                 ;
; Auto Carry Chains                                                ; On                 ; On                 ;
; Auto Open-Drain Pins                                             ; On                 ; On                 ;
; Perform WYSIWYG Primitive Resynthesis                            ; Off                ; Off                ;
; Auto ROM Replacement                                             ; On                 ; On                 ;
; Auto RAM Replacement                                             ; On                 ; On                 ;
; Auto DSP Block Replacement                                       ; On                 ; On                 ;
; Auto Shift Register Replacement                                  ; Auto               ; Auto               ;
; Allow Shift Register Merging across Hierarchies                  ; Auto               ; Auto               ;
; Auto Clock Enable Replacement                                    ; On                 ; On                 ;
; Strict RAM Replacement                                           ; Off                ; Off                ;
; Allow Synchronous Control Signals                                ; On                 ; On                 ;
; Force Use of Synchronous Clear Signals                           ; Off                ; Off                ;
; Auto RAM Block Balancing                                         ; On                 ; On                 ;
; Auto RAM to Logic Cell Conversion                                ; Off                ; Off                ;
; Auto Resource Sharing                                            ; Off                ; Off                ;
; Allow Any RAM Size For Recognition                               ; Off                ; Off                ;
; Allow Any ROM Size For Recognition                               ; Off                ; Off                ;
; Allow Any Shift Register Size For Recognition                    ; Off                ; Off                ;
; Use LogicLock Constraints during Resource Balancing              ; On                 ; On                 ;
; Ignore translate_off and synthesis_off directives                ; Off                ; Off                ;
; Timing-Driven Synthesis                                          ; On                 ; On                 ;
; Report Parameter Settings                                        ; On                 ; On                 ;
; Report Source Assignments                                        ; On                 ; On                 ;
; Report Connectivity Checks                                       ; On                 ; On                 ;
; Ignore Maximum Fan-Out Assignments                               ; Off                ; Off                ;
; Synchronization Register Chain Length                            ; 2                  ; 2                  ;
; Power Optimization During Synthesis                              ; Normal compilation ; Normal compilation ;
; HDL message level                                                ; Level2             ; Level2             ;
; Suppress Register Optimization Related Messages                  ; Off                ; Off                ;
; Number of Removed Registers Reported in Synthesis Report         ; 5000               ; 5000               ;
; Number of Swept Nodes Reported in Synthesis Report               ; 5000               ; 5000               ;
; Number of Inverted Registers Reported in Synthesis Report        ; 100                ; 100                ;
; Clock MUX Protection                                             ; On                 ; On                 ;
; Auto Gated Clock Conversion                                      ; Off                ; Off                ;
; Block Design Naming                                              ; Auto               ; Auto               ;
; SDC constraint protection                                        ; Off                ; Off                ;
; Synthesis Effort                                                 ; Auto               ; Auto               ;
; Shift Register Replacement - Allow Asynchronous Clear Signal     ; On                 ; On                 ;
; Pre-Mapping Resynthesis Optimization                             ; Off                ; Off                ;
; Analysis & Synthesis Message Level                               ; Medium             ; Medium             ;
; Disable Register Merging Across Hierarchies                      ; Auto               ; Auto               ;
; Resource Aware Inference For Block RAM                           ; On                 ; On                 ;
+------------------------------------------------------------------+--------------------+--------------------+


+------------------------------------------+
; Parallel Compilation                     ;
+----------------------------+-------------+
; Processors                 ; Number      ;
+----------------------------+-------------+
; Number detected on machine ; 8           ;
; Maximum allowed            ; 4           ;
;                            ;             ;
; Average used               ; 1.00        ;
; Maximum used               ; 4           ;
;                            ;             ;
; Usage by Processor         ; % Time Used ;
;     Processor 1            ; 100.0%      ;
;     Processors 2-4         ;   0.0%      ;
+----------------------------+-------------+


+-------------------------------------------------------------------------------------------------------------------------------------------------+
; Analysis & Synthesis Source Files Read                                                                                                          ;
+----------------------------------+-----------------+-----------------+----------------------------------------------------------------+---------+
; File Name with User-Entered Path ; Used in Netlist ; File Type       ; File Name with Absolute Path                                   ; Library ;
+----------------------------------+-----------------+-----------------+----------------------------------------------------------------+---------+
; Mux.vhd                          ; yes             ; User VHDL File  ; /home/luan/Documents/LSD/VolumeDispenser/Mux.vhd               ;         ;
; RegistradorBebida.vhd            ; yes             ; User VHDL File  ; /home/luan/Documents/LSD/VolumeDispenser/RegistradorBebida.vhd ;         ;
; Subtrator.vhd                    ; yes             ; User VHDL File  ; /home/luan/Documents/LSD/VolumeDispenser/Subtrator.vhd         ;         ;
; Comparador.vhd                   ; yes             ; User VHDL File  ; /home/luan/Documents/LSD/VolumeDispenser/Comparador.vhd        ;         ;
; Datapath.vhd                     ; yes             ; User VHDL File  ; /home/luan/Documents/LSD/VolumeDispenser/Datapath.vhd          ;         ;
+----------------------------------+-----------------+-----------------+----------------------------------------------------------------+---------+


+---------------------------------------------+
; Analysis & Synthesis Resource Usage Summary ;
+--------------------------+------------------+
; Resource                 ; Usage            ;
+--------------------------+------------------+
; I/O pins                 ; 20               ;
;                          ;                  ;
; DSP block 9-bit elements ; 0                ;
;                          ;                  ;
; Maximum fan-out node     ; clk~input        ;
; Maximum fan-out          ; 13               ;
; Total fan-out            ; 111              ;
; Average fan-out          ; 1.59             ;
+--------------------------+------------------+


+--------------------------------------------------------------------------------------------------------------------------------------------------------------------------------------------------------------------------------------------+
; Analysis & Synthesis Resource Utilization by Entity                                                                                                                                                                                        ;
+------------------------------+---------------------+---------------------------+-------------+--------------+---------+-----------+-----------+------+--------------+-----------------------------------+-------------------+--------------+
; Compilation Hierarchy Node   ; Combinational ALUTs ; Dedicated Logic Registers ; Memory Bits ; DSP Elements ; DSP 9x9 ; DSP 18x18 ; DSP 36x36 ; Pins ; Virtual Pins ; Full Hierarchy Name               ; Entity Name       ; Library Name ;
+------------------------------+---------------------+---------------------------+-------------+--------------+---------+-----------+-----------+------+--------------+-----------------------------------+-------------------+--------------+
; |Datapath                    ; 17 (0)              ; 13 (0)                    ; 0           ; 0            ; 0       ; 0         ; 0         ; 20   ; 0            ; |Datapath                         ; Datapath          ; work         ;
;    |Comparador:Comparador|   ; 1 (1)               ; 0 (0)                     ; 0           ; 0            ; 0       ; 0         ; 0         ; 0    ; 0            ; |Datapath|Comparador:Comparador   ; Comparador        ; work         ;
;    |Mux:Mux|                 ; 4 (4)               ; 0 (0)                     ; 0           ; 0            ; 0       ; 0         ; 0         ; 0    ; 0            ; |Datapath|Mux:Mux                 ; Mux               ; work         ;
;    |RegistradorBebida:Reg_A| ; 4 (4)               ; 4 (4)                     ; 0           ; 0            ; 0       ; 0         ; 0         ; 0    ; 0            ; |Datapath|RegistradorBebida:Reg_A ; RegistradorBebida ; work         ;
;    |RegistradorBebida:Reg_B| ; 4 (4)               ; 4 (4)                     ; 0           ; 0            ; 0       ; 0         ; 0         ; 0    ; 0            ; |Datapath|RegistradorBebida:Reg_B ; RegistradorBebida ; work         ;
;    |Subtrator:Subtrator|     ; 4 (4)               ; 5 (5)                     ; 0           ; 0            ; 0       ; 0         ; 0         ; 0    ; 0            ; |Datapath|Subtrator:Subtrator     ; Subtrator         ; work         ;
+------------------------------+---------------------+---------------------------+-------------+--------------+---------+-----------+-----------+------+--------------+-----------------------------------+-------------------+--------------+
Note: For table entries with two numbers listed, the numbers in parentheses indicate the number of resources of the given type used by the specific entity alone. The numbers listed outside of parentheses indicate the total resources of the given type used by the specific entity and all of its sub-entities in the hierarchy.


+------------------------------------------------------+
; General Register Statistics                          ;
+----------------------------------------------+-------+
; Statistic                                    ; Value ;
+----------------------------------------------+-------+
; Total registers                              ; 13    ;
; Number of registers using Synchronous Clear  ; 0     ;
; Number of registers using Synchronous Load   ; 0     ;
; Number of registers using Asynchronous Clear ; 8     ;
; Number of registers using Asynchronous Load  ; 0     ;
; Number of registers using Clock Enable       ; 12    ;
; Number of registers using Preset             ; 0     ;
+----------------------------------------------+-------+


+--------------------------------------------------+
; Inverted Register Statistics                     ;
+----------------------------------------+---------+
; Inverted Register                      ; Fan out ;
+----------------------------------------+---------+
; RegistradorBebida:Reg_A|Q[0]           ; 2       ;
; RegistradorBebida:Reg_A|Q[1]           ; 2       ;
; RegistradorBebida:Reg_A|Q[2]           ; 2       ;
; RegistradorBebida:Reg_A|Q[3]           ; 3       ;
; RegistradorBebida:Reg_B|Q[0]           ; 2       ;
; RegistradorBebida:Reg_B|Q[1]           ; 2       ;
; RegistradorBebida:Reg_B|Q[2]           ; 2       ;
; RegistradorBebida:Reg_B|Q[3]           ; 3       ;
; Total number of inverted registers = 8 ;         ;
+----------------------------------------+---------+


+--------------------------------------------------------------------------+
; Parameter Settings for User Entity Instance: Top-level Entity: |Datapath ;
+----------------+-------+-------------------------------------------------+
; Parameter Name ; Value ; Type                                            ;
+----------------+-------+-------------------------------------------------+
; W              ; 4     ; Signed Integer                                  ;
+----------------+-------+-------------------------------------------------+
Note: In order to hide this table in the UI and the text report file, please set the "Show Parameter Settings in Synthesis Report" option in "Analysis and Synthesis Settings -> More Settings" to "Off".


+----------------------------------------------------------------------+
; Parameter Settings for User Entity Instance: RegistradorBebida:Reg_A ;
+----------------+-------+---------------------------------------------+
; Parameter Name ; Value ; Type                                        ;
+----------------+-------+---------------------------------------------+
; w              ; 4     ; Signed Integer                              ;
+----------------+-------+---------------------------------------------+
Note: In order to hide this table in the UI and the text report file, please set the "Show Parameter Settings in Synthesis Report" option in "Analysis and Synthesis Settings -> More Settings" to "Off".


+----------------------------------------------------------------------+
; Parameter Settings for User Entity Instance: RegistradorBebida:Reg_B ;
+----------------+-------+---------------------------------------------+
; Parameter Name ; Value ; Type                                        ;
+----------------+-------+---------------------------------------------+
; w              ; 4     ; Signed Integer                              ;
+----------------+-------+---------------------------------------------+
Note: In order to hide this table in the UI and the text report file, please set the "Show Parameter Settings in Synthesis Report" option in "Analysis and Synthesis Settings -> More Settings" to "Off".


+------------------------------------------------------+
; Parameter Settings for User Entity Instance: Mux:Mux ;
+----------------+-------+-----------------------------+
; Parameter Name ; Value ; Type                        ;
+----------------+-------+-----------------------------+
; n              ; 4     ; Signed Integer              ;
+----------------+-------+-----------------------------+
Note: In order to hide this table in the UI and the text report file, please set the "Show Parameter Settings in Synthesis Report" option in "Analysis and Synthesis Settings -> More Settings" to "Off".


+--------------------------------------------------------------------+
; Parameter Settings for User Entity Instance: Comparador:Comparador ;
+----------------+-------+-------------------------------------------+
; Parameter Name ; Value ; Type                                      ;
+----------------+-------+-------------------------------------------+
; w              ; 4     ; Signed Integer                            ;
+----------------+-------+-------------------------------------------+
Note: In order to hide this table in the UI and the text report file, please set the "Show Parameter Settings in Synthesis Report" option in "Analysis and Synthesis Settings -> More Settings" to "Off".


+------------------------------------------------------------------+
; Parameter Settings for User Entity Instance: Subtrator:Subtrator ;
+----------------+-------+-----------------------------------------+
; Parameter Name ; Value ; Type                                    ;
+----------------+-------+-----------------------------------------+
; w              ; 4     ; Signed Integer                          ;
+----------------+-------+-----------------------------------------+
Note: In order to hide this table in the UI and the text report file, please set the "Show Parameter Settings in Synthesis Report" option in "Analysis and Synthesis Settings -> More Settings" to "Off".


+-------------------------------------------------+
; Port Connectivity Checks: "Subtrator:Subtrator" ;
+-------+-------+----------+----------------------+
; Port  ; Type  ; Severity ; Details              ;
+-------+-------+----------+----------------------+
; reset ; Input ; Info     ; Stuck at VCC         ;
+-------+-------+----------+----------------------+


+---------------------------------------------------+
; Port Connectivity Checks: "Comparador:Comparador" ;
+-----------------+-------+----------+--------------+
; Port            ; Type  ; Severity ; Details      ;
+-----------------+-------+----------+--------------+
; min_value[1..0] ; Input ; Info     ; Stuck at VCC ;
; min_value[3..2] ; Input ; Info     ; Stuck at GND ;
+-----------------+-------+----------+--------------+


+-----------------------------------------------------+
; Post-Synthesis Netlist Statistics for Top Partition ;
+-----------------------+-----------------------------+
; Type                  ; Count                       ;
+-----------------------+-----------------------------+
; boundary_port         ; 20                          ;
; cycloneiii_ff         ; 13                          ;
;     ENA               ; 4                           ;
;     ENA CLR           ; 8                           ;
;     plain             ; 1                           ;
; cycloneiii_lcell_comb ; 26                          ;
;     arith             ; 3                           ;
;         3 data inputs ; 3                           ;
;     normal            ; 23                          ;
;         1 data inputs ; 17                          ;
;         2 data inputs ; 1                           ;
;         3 data inputs ; 4                           ;
;         4 data inputs ; 1                           ;
;                       ;                             ;
; Max LUT depth         ; 3.00                        ;
; Average LUT depth     ; 1.49                        ;
+-----------------------+-----------------------------+


+-------------------------------+
; Elapsed Time Per Partition    ;
+----------------+--------------+
; Partition Name ; Elapsed Time ;
+----------------+--------------+
; Top            ; 00:00:00     ;
+----------------+--------------+


+-------------------------------+
; Analysis & Synthesis Messages ;
+-------------------------------+
Info: *******************************************************************
Info: Running Quartus Prime Analysis & Synthesis
    Info: Version 23.1std.1 Build 993 05/14/2024 SC Lite Edition
    Info: Processing started: Mon Feb  3 19:37:52 2025
Info: Command: quartus_map --read_settings_files=on --write_settings_files=off VolumeDispenser -c VolumeDispenser
Warning (18236): Number of processors has not been specified which may cause overloading on shared machines.  Set the global assignment NUM_PARALLEL_PROCESSORS in your QSF to an appropriate value for best performance.
Info (20030): Parallel compilation is enabled and will use 4 of the 4 processors detected
Warning (12090): Entity "Mux" obtained from "Mux.vhd" instead of from Quartus Prime megafunction library File: /home/luan/Documents/LSD/VolumeDispenser/Mux.vhd Line: 6
Info (12021): Found 2 design units, including 1 entities, in source file Mux.vhd
    Info (12022): Found design unit 1: Mux-Behavioral File: /home/luan/Documents/LSD/VolumeDispenser/Mux.vhd Line: 16
    Info (12023): Found entity 1: Mux File: /home/luan/Documents/LSD/VolumeDispenser/Mux.vhd Line: 6
Info (12021): Found 2 design units, including 1 entities, in source file RegistradorBebida.vhd
    Info (12022): Found design unit 1: RegistradorBebida-Behavioral File: /home/luan/Documents/LSD/VolumeDispenser/RegistradorBebida.vhd Line: 15
    Info (12023): Found entity 1: RegistradorBebida File: /home/luan/Documents/LSD/VolumeDispenser/RegistradorBebida.vhd Line: 6
Info (12021): Found 2 design units, including 1 entities, in source file Subtrator.vhd
    Info (12022): Found design unit 1: Subtrator-Behavioral File: /home/luan/Documents/LSD/VolumeDispenser/Subtrator.vhd Line: 17
    Info (12023): Found entity 1: Subtrator File: /home/luan/Documents/LSD/VolumeDispenser/Subtrator.vhd Line: 6
Info (12021): Found 2 design units, including 1 entities, in source file Comparador.vhd
    Info (12022): Found design unit 1: Comparador-Behavioral File: /home/luan/Documents/LSD/VolumeDispenser/Comparador.vhd Line: 13
    Info (12023): Found entity 1: Comparador File: /home/luan/Documents/LSD/VolumeDispenser/Comparador.vhd Line: 6
Info (12021): Found 2 design units, including 1 entities, in source file Datapath.vhd
    Info (12022): Found design unit 1: Datapath-Behavioral File: /home/luan/Documents/LSD/VolumeDispenser/Datapath.vhd Line: 27
    Info (12023): Found entity 1: Datapath File: /home/luan/Documents/LSD/VolumeDispenser/Datapath.vhd Line: 7
Info (12021): Found 2 design units, including 1 entities, in source file Datapath_tb.vhd
    Info (12022): Found design unit 1: Datapath_TB-Behavioral File: /home/luan/Documents/LSD/VolumeDispenser/Datapath_tb.vhd Line: 9
    Info (12023): Found entity 1: Datapath_TB File: /home/luan/Documents/LSD/VolumeDispenser/Datapath_tb.vhd Line: 6
Info (12127): Elaborating entity "Datapath" for the top level hierarchy
Info (12128): Elaborating entity "RegistradorBebida" for hierarchy "RegistradorBebida:Reg_A" File: /home/luan/Documents/LSD/VolumeDispenser/Datapath.vhd Line: 37
Info (12128): Elaborating entity "Mux" for hierarchy "Mux:Mux" File: /home/luan/Documents/LSD/VolumeDispenser/Datapath.vhd Line: 52
Info (12128): Elaborating entity "Comparador" for hierarchy "Comparador:Comparador" File: /home/luan/Documents/LSD/VolumeDispenser/Datapath.vhd Line: 59
Info (12128): Elaborating entity "Subtrator" for hierarchy "Subtrator:Subtrator" File: /home/luan/Documents/LSD/VolumeDispenser/Datapath.vhd Line: 65
Info (13000): Registers with preset signals will power-up high File: /home/luan/Documents/LSD/VolumeDispenser/RegistradorBebida.vhd Line: 19
Info (13003): DEV_CLRn pin will set, and not reset, register with preset signal due to NOT Gate Push-Back
Info (286030): Timing-Driven Synthesis is running
Info (16010): Generating hard_block partition "hard_block:auto_generated_inst"
    Info (16011): Adding 0 node(s), including 0 DDIO, 0 PLL, 0 transceiver and 0 LCELL
Info (21057): Implemented 38 device resources after synthesis - the final resource count might be different
    Info (21058): Implemented 10 input pins
    Info (21059): Implemented 10 output pins
    Info (21061): Implemented 18 logic cells
Info: Quartus Prime Analysis & Synthesis was successful. 0 errors, 2 warnings
    Info: Peak virtual memory: 488 megabytes
    Info: Processing ended: Mon Feb  3 19:38:00 2025
    Info: Elapsed time: 00:00:08
    Info: Total CPU time (on all processors): 00:00:19


